Sun Jun  1 12:20:20 UTC 2025 - Commit by GitHub Action
Wed Jun  4 00:54:25 UTC 2025 - Commit by GitHub Action
Sat Jun  7 00:53:01 UTC 2025 - Commit by GitHub Action
Tue Jun 10 00:54:20 UTC 2025 - Commit by GitHub Action
Fri Jun 13 00:54:09 UTC 2025 - Commit by GitHub Action
Mon Jun 16 00:56:16 UTC 2025 - Commit by GitHub Action
Thu Jun 19 00:54:27 UTC 2025 - Commit by GitHub Action
Sun Jun 22 00:59:30 UTC 2025 - Commit by GitHub Action
Wed Jun 25 00:55:23 UTC 2025 - Commit by GitHub Action
Wed Jun 25 18:14:03 UTC 2025 - Commit by GitHub Action
Sat Jun 28 00:52:59 UTC 2025 - Commit by GitHub Action
Tue Jul  1 01:01:15 UTC 2025 - Commit by GitHub Action
Fri Jul  4 00:54:35 UTC 2025 - Commit by GitHub Action
Mon Jul  7 00:59:12 UTC 2025 - Commit by GitHub Action
Thu Jul 10 00:55:48 UTC 2025 - Commit by GitHub Action
Sun Jul 13 01:01:51 UTC 2025 - Commit by GitHub Action
Wed Jul 16 00:57:10 UTC 2025 - Commit by GitHub Action
Sat Jul 19 00:55:46 UTC 2025 - Commit by GitHub Action
Tue Jul 22 00:57:34 UTC 2025 - Commit by GitHub Action
Fri Jul 25 00:57:26 UTC 2025 - Commit by GitHub Action
Mon Jul 28 01:01:55 UTC 2025 - Commit by GitHub Action
Thu Jul 31 00:58:34 UTC 2025 - Commit by GitHub Action
Fri Aug  1 01:05:15 UTC 2025 - Commit by GitHub Action
Mon Aug  4 01:03:29 UTC 2025 - Commit by GitHub Action
Thu Aug  7 00:59:33 UTC 2025 - Commit by GitHub Action
Sun Aug 10 01:02:20 UTC 2025 - Commit by GitHub Action
Wed Aug 13 00:55:20 UTC 2025 - Commit by GitHub Action
Sat Aug 16 00:52:45 UTC 2025 - Commit by GitHub Action
Tue Aug 19 00:53:41 UTC 2025 - Commit by GitHub Action
Fri Aug 22 00:51:42 UTC 2025 - Commit by GitHub Action
